[0.030s] Invoking command in '/home/iuri/Github/lia-mpc/code/build/my_package': CMAKE_PREFIX_PATH=/opt/ros/iron /usr/bin/cmake /home/iuri/Github/lia-mpc/code/src/my_package -DAMENT_CMAKE_SYMLINK_INSTALL=1 -DCMAKE_INSTALL_PREFIX=/home/iuri/Github/lia-mpc/code/install/my_package
[0.084s] -- Found ament_cmake: 2.0.4 (/opt/ros/iron/share/ament_cmake/cmake)
[0.360s] -- Override CMake install command with custom implementation using symlinks instead of copying resources
[0.368s] -- Found ament_lint_auto: 0.14.3 (/opt/ros/iron/share/ament_lint_auto/cmake)
[0.597s] -- Added test 'flake8' to check Python code syntax and style conventions
[0.597s] -- Configured 'flake8' exclude dirs and/or files: 
[0.598s] -- Added test 'lint_cmake' to check CMake code style
[0.600s] -- Added test 'pep257' to check Python code against some of the docstring style conventions in PEP 257
[0.602s] -- Added test 'xmllint' to check XML markup files
[0.608s] -- Configuring done
[0.615s] -- Generating done
[0.617s] -- Build files have been written to: /home/iuri/Github/lia-mpc/code/build/my_package
[0.634s] Invoked command in '/home/iuri/Github/lia-mpc/code/build/my_package' returned '0': CMAKE_PREFIX_PATH=/opt/ros/iron /usr/bin/cmake /home/iuri/Github/lia-mpc/code/src/my_package -DAMENT_CMAKE_SYMLINK_INSTALL=1 -DCMAKE_INSTALL_PREFIX=/home/iuri/Github/lia-mpc/code/install/my_package
[0.635s] Invoking command in '/home/iuri/Github/lia-mpc/code/build/my_package': CMAKE_PREFIX_PATH=/opt/ros/iron /usr/bin/cmake --build /home/iuri/Github/lia-mpc/code/build/my_package -- -j4 -l4
[0.668s] Invoked command in '/home/iuri/Github/lia-mpc/code/build/my_package' returned '0': CMAKE_PREFIX_PATH=/opt/ros/iron /usr/bin/cmake --build /home/iuri/Github/lia-mpc/code/build/my_package -- -j4 -l4
[0.694s] Invoking command in '/home/iuri/Github/lia-mpc/code/build/my_package': CMAKE_PREFIX_PATH=/opt/ros/iron /usr/bin/cmake --install /home/iuri/Github/lia-mpc/code/build/my_package
[0.698s] -- Install configuration: ""
[0.700s] -- Execute custom install script
[0.701s] -- Symlinking: /home/iuri/Github/lia-mpc/code/install/my_package/share/my_package/launch/listener.launcher.py
[0.706s] -- Symlinking: /home/iuri/Github/lia-mpc/code/install/my_package/share/my_package/launch/talker.launcher.py
[0.711s] -- Symlinking: /home/iuri/Github/lia-mpc/code/install/my_package/share/ament_index/resource_index/package_run_dependencies/my_package
[0.716s] -- Symlinking: /home/iuri/Github/lia-mpc/code/install/my_package/share/ament_index/resource_index/parent_prefix_path/my_package
[0.725s] -- Symlinking: /home/iuri/Github/lia-mpc/code/install/my_package/share/my_package/environment/ament_prefix_path.sh
[0.730s] -- Symlinking: /home/iuri/Github/lia-mpc/code/install/my_package/share/my_package/environment/ament_prefix_path.dsv
[0.735s] -- Symlinking: /home/iuri/Github/lia-mpc/code/install/my_package/share/my_package/environment/path.sh
[0.739s] -- Symlinking: /home/iuri/Github/lia-mpc/code/install/my_package/share/my_package/environment/path.dsv
[0.746s] -- Symlinking: /home/iuri/Github/lia-mpc/code/install/my_package/share/my_package/local_setup.bash
[0.754s] -- Symlinking: /home/iuri/Github/lia-mpc/code/install/my_package/share/my_package/local_setup.sh
[0.759s] -- Symlinking: /home/iuri/Github/lia-mpc/code/install/my_package/share/my_package/local_setup.zsh
[0.764s] -- Symlinking: /home/iuri/Github/lia-mpc/code/install/my_package/share/my_package/local_setup.dsv
[0.768s] -- Symlinking: /home/iuri/Github/lia-mpc/code/install/my_package/share/my_package/package.dsv
[0.775s] -- Symlinking: /home/iuri/Github/lia-mpc/code/install/my_package/share/ament_index/resource_index/packages/my_package
[0.781s] -- Symlinking: /home/iuri/Github/lia-mpc/code/install/my_package/share/my_package/cmake/my_packageConfig.cmake
[0.787s] -- Symlinking: /home/iuri/Github/lia-mpc/code/install/my_package/share/my_package/cmake/my_packageConfig-version.cmake
[0.793s] -- Symlinking: /home/iuri/Github/lia-mpc/code/install/my_package/share/my_package/package.xml
[0.800s] Invoked command in '/home/iuri/Github/lia-mpc/code/build/my_package' returned '0': CMAKE_PREFIX_PATH=/opt/ros/iron /usr/bin/cmake --install /home/iuri/Github/lia-mpc/code/build/my_package
