[0.024s] Invoking command in '/home/iuri/Github/lia-mpc/code/build/my_package': CMAKE_PREFIX_PATH=/opt/ros/iron /usr/bin/cmake /home/iuri/Github/lia-mpc/code/src/my_package -DAMENT_CMAKE_SYMLINK_INSTALL=1 -DCMAKE_INSTALL_PREFIX=/home/iuri/Github/lia-mpc/code/install/my_package
[0.283s] -- The C compiler identification is GNU 11.3.0
[0.489s] -- The CXX compiler identification is GNU 11.3.0
[0.510s] -- Detecting C compiler ABI info
[0.602s] -- Detecting C compiler ABI info - done
[0.617s] -- Check for working C compiler: /usr/bin/cc - skipped
[0.621s] -- Detecting C compile features
[0.623s] -- Detecting C compile features - done
[0.629s] -- Detecting CXX compiler ABI info
[0.749s] -- Detecting CXX compiler ABI info - done
[0.773s] -- Check for working CXX compiler: /usr/bin/c++ - skipped
[0.778s] -- Detecting CXX compile features
[0.779s] -- Detecting CXX compile features - done
[0.796s] -- Found ament_cmake: 2.0.4 (/opt/ros/iron/share/ament_cmake/cmake)
[2.390s] -- Found Python3: /usr/local/bin/python3.11 (found version "3.11.4") found components: Interpreter 
[2.538s] -- Override CMake install command with custom implementation using symlinks instead of copying resources
[2.597s] -- Found ament_lint_auto: 0.14.3 (/opt/ros/iron/share/ament_lint_auto/cmake)
[2.640s] Traceback (most recent call last):
[2.640s]   File "/opt/ros/iron/share/ament_cmake_core/cmake/core/package_xml_2_cmake.py", line 22, in <module>
[2.641s]     from catkin_pkg.package import parse_package_string
[2.641s] ModuleNotFoundError: No module named 'catkin_pkg'
[2.648s] [31mCMake Error at /opt/ros/iron/share/ament_cmake_core/cmake/core/ament_package_xml.cmake:95 (message):
[2.649s]   execute_process(/usr/local/bin/python3.11
[2.649s]   /opt/ros/iron/share/ament_cmake_core/cmake/core/package_xml_2_cmake.py
[2.649s]   /home/iuri/Github/lia-mpc/code/src/my_package/package.xml
[2.649s]   /home/iuri/Github/lia-mpc/code/build/my_package/ament_cmake_core/package.cmake)
[2.649s]   returned error code 1
[2.649s] Call Stack (most recent call first):
[2.650s]   /opt/ros/iron/share/ament_cmake_core/cmake/core/ament_package_xml.cmake:49 (_ament_package_xml)
[2.650s]   /opt/ros/iron/share/ament_lint_auto/cmake/ament_lint_auto_find_test_dependencies.cmake:31 (ament_package_xml)
[2.650s]   CMakeLists.txt:23 (ament_lint_auto_find_test_dependencies)
[2.650s] 
[2.650s] [0m
[2.650s] -- Configuring incomplete, errors occurred!
[2.650s] See also "/home/iuri/Github/lia-mpc/code/build/my_package/CMakeFiles/CMakeOutput.log".
[2.656s] Invoked command in '/home/iuri/Github/lia-mpc/code/build/my_package' returned '1': CMAKE_PREFIX_PATH=/opt/ros/iron /usr/bin/cmake /home/iuri/Github/lia-mpc/code/src/my_package -DAMENT_CMAKE_SYMLINK_INSTALL=1 -DCMAKE_INSTALL_PREFIX=/home/iuri/Github/lia-mpc/code/install/my_package
